<?xml version="1.0" encoding="UTF-8"?>
<testsuite xmlns:xsi="http://www.w3.org/2001/XMLSchema-instance" xsi:noNamespaceSchemaLocation="https://maven.apache.org/surefire/maven-surefire-plugin/xsd/surefire-test-report-3.0.xsd" version="3.0" name="bguspl.set.ex.DealerTest" time="2.315" tests="2" errors="0" skipped="0" failures="0">
  <properties>
[...]
</properties>
  <testcase name="resetTimer" classname="bguspl.set.ex.DealerTest" time="0.929"/>
  <testcase name="placeAllCardsOnTable" classname="bguspl.set.ex.DealerTest" time="1.346">
    <system-out><![CDATA[-------------------------
Hint: Set found: slots: [1, 2, 9] features: [[0, 1, 2, 0], [1, 1, 1, 0], [2, 1, 0, 0]]
Hint: Set found: slots: [3, 5, 6] features: [[0, 1, 1, 2], [1, 2, 2, 0], [2, 0, 0, 1]]
Hint: Set found: slots: [4, 8, 10] features: [[1, 0, 2, 2], [1, 1, 1, 2], [1, 2, 0, 2]]
Hint: Set found: slots: [6, 7, 10] features: [[1, 2, 0, 2], [1, 2, 1, 1], [1, 2, 2, 0]]
]]></system-out>
  </testcase>
</testsuite>